Log file open, 11/05/14 19:27:08
LogInit:Display: Running engine for game: lalala2
LogInit: Version: 4.5.1-2336687+++depot+UE4-Releases+4.5
LogInit: API Version: 2326478
LogInit: Compiled (64-bit): Oct 21 2014 22:32:40
LogInit: Compiled with Visual C++: 18.00.21005.01
LogInit: Build Configuration: Development
LogInit: Branch Name: ++depot+UE4-Releases+4.5
LogInit: Command line:  
LogInit: Base directory: C:/Program Files/Epic Games/4.5/Engine/Binaries/Win64/
LogInit: Rocket: 1
[2014.11.05-18.27.08:292][  0]LogTaskGraph: Started task graph with 3 named threads and 4 total threads.
[2014.11.05-18.27.08:327][  0]LogOnline:Warning: No default platform service specified for OnlineSubsystem
[2014.11.05-18.27.08:355][  0]LogInit: Presizing for 0 objects not considered by GC, pre-allocating 0 bytes.
[2014.11.05-18.27.08:365][  0]LogInit: Object subsystem initialized
[2014.11.05-18.27.08:368][  0]LogConsoleResponse:Warning: Skipping Unknown console variable: 'UIScaleRule = ShortestSide'
[2014.11.05-18.27.08:368][  0]LogConsoleResponse:Warning:   Found in ini file 'C:/Users/Viktors/Music/Viktors/lalala2/Saved/Config/Windows/Engine.ini', in section '[/Script/Engine.RendererSettings]'
[2014.11.05-18.27.08:368][  0]LogConsoleResponse:Warning: Skipping Unknown console variable: 'UIScaleCurve = (EditorCurveData=(Keys=((Time=480.000000,Value=0.444000),(Time=720.000000,Value=0.666000),(Time=1080.000000,Value=1.000000),(Time=8640.000000,Value=8.000000))),ExternalCurve=None)'
[2014.11.05-18.27.08:368][  0]LogConsoleResponse:Warning:   Found in ini file 'C:/Users/Viktors/Music/Viktors/lalala2/Saved/Config/Windows/Engine.ini', in section '[/Script/Engine.RendererSettings]'
[2014.11.05-18.27.08:368][  0]LogInit: Selected Device Profile: [Windows]
[2014.11.05-18.27.08:368][  0]LogInit: Applying CVar settings loaded from the selected device profile: [Windows]
[2014.11.05-18.27.08:385][  0]LogInit: Computer: VIKTORS-DATOR
[2014.11.05-18.27.08:385][  0]LogInit: User: Viktors
[2014.11.05-18.27.08:390][  0]LogInit: CPU Page size=4096, Cores=4
[2014.11.05-18.27.08:390][  0]LogInit: High frequency timer resolution =3.118818 MHz
[2014.11.05-18.27.08:390][  0]LogMemory: Memory total: Physical=8.0GB (8GB approx) Virtual=8192.0GB
[2014.11.05-18.27.08:390][  0]LogMemory: Platform Memory Stats for Windows
[2014.11.05-18.27.08:390][  0]LogMemory: Process Physical Memory: 64.57 MB used, 64.57 MB peak
[2014.11.05-18.27.08:390][  0]LogMemory: Process Virtual Memory: 39.71 MB used, 39.71 MB peak
[2014.11.05-18.27.08:390][  0]LogMemory: Physical Memory: 5498.45 MB used, 8173.21 MB total
[2014.11.05-18.27.08:390][  0]LogMemory: Virtual Memory: 273.16 MB used, 8388608.00 MB total
[2014.11.05-18.27.08:475][  0]LogD3D11RHI: Found D3D11 adapter 0: NVIDIA GeForce GTX 550 Ti (Feature Level 11_0)
[2014.11.05-18.27.08:475][  0]LogD3D11RHI: Adapter has 977MB of dedicated video memory, 0MB of dedicated system memory, and 3071MB of shared system memory, 2 output[s]
[2014.11.05-18.27.08:475][  0]LogD3D11RHI: Chosen D3D11 Adapter Id = 0
[2014.11.05-18.27.08:490][  0]LogRHI: Texture pool is 684 MB (70% of 977 MB)
[2014.11.05-18.27.08:504][  0]LogD3D11RHI: Async texture creation enabled
[2014.11.05-18.27.08:572][  0]LogTextLocalizationManager: The requested culture ('sv_SE') has no localization data; falling back to 'en' for localization and internationalization data.
[2014.11.05-18.27.08:771][  0]LogContentStreaming: Texture pool size is 0.000000MB
[2014.11.05-18.27.14:601][  0]LogTargetPlatformManager:Display: Building Assets For Windows
[2014.11.05-18.27.15:234][  0]LogTargetPlatformManager:Display: Building Assets For Windows
[2014.11.05-18.27.15:614][  0]LogDerivedDataCache:Display: Max Cache Size: 512 MB
[2014.11.05-18.27.16:175][  0]LogDerivedDataCache: Loaded boot cache 0.56s 39MB C:/Users/Viktors/AppData/Local/UnrealEngine/4.5/DerivedDataCache/Boot.ddc.
[2014.11.05-18.27.16:175][  0]LogDerivedDataCache:Display: Loaded Boot cache: C:/Users/Viktors/AppData/Local/UnrealEngine/4.5/DerivedDataCache/Boot.ddc
[2014.11.05-18.27.16:175][  0]LogDerivedDataCache: FDerivedDataBackendGraph:  Pak pak cache file ../../../../../../Users/Viktors/Music/Viktors/lalala2/DerivedDataCache/DDC.ddp not found, will not use a pak cache.
[2014.11.05-18.27.16:176][  0]LogDerivedDataCache: Unable to find inner node Pak for hierarchical cache Hierarchy.
[2014.11.05-18.27.16:285][  0]LogDerivedDataCache:Display: Pak cache opened for reading ../../../Engine/DerivedDataCache/DDC.ddp.
[2014.11.05-18.27.16:300][  0]LogDerivedDataCache: Using Local data cache path C:/Users/Viktors/AppData/Local/UnrealEngine/Common/DerivedDataCache: Writable
[2014.11.05-18.27.20:822][  0]LogMeshUtilities: No automatic mesh reduction module available
[2014.11.05-18.27.20:822][  0]LogMeshUtilities: No automatic mesh merging module available
[2014.11.05-18.27.21:925][  0]LogLinker:Warning: Asset '../../../Engine/Content/Functions/Engine_MaterialFunctions02/Texturing/FlipBook.uasset' has been saved with empty engine version. The asset will be loaded but may be incompatible.
[2014.11.05-18.27.21:973][  0]LogLinker:Warning: Asset '../../../Engine/Content/Functions/Engine_MaterialFunctions02/ExampleContent/Textures/flipbook.uasset' has been saved with empty engine version. The asset will be loaded but may be incompatible.
[2014.11.05-18.27.23:519][  0]LogInit: WinSock: version 1.1 (2.2), MaxSocks=32767, MaxUdp=65467
[2014.11.05-18.27.48:453][  0]UdpMessaging: Initializing bridge on interface 0.0.0.0:0 to multicast group 230.0.0.1:6666.
[2014.11.05-18.27.49:170][  0]LogDirectoryWatcher:Warning: Failed to begin reading directory changes for C:/Users/Viktors/Music/Viktors/lalala2/Binaries/Win64. Error: 0
[2014.11.05-18.27.50:095][  0]SourceControl: Info Source control is disabled
[2014.11.05-18.27.50:095][  0]SourceControl: Info Source control is disabled
[2014.11.05-18.27.50:107][  0]SourceControl: Info Source control is disabled
[2014.11.05-18.27.50:922][  0]LogObj: 22915 objects as part of root set at end of initial load.
[2014.11.05-18.27.50:922][  0]LogUObjectAllocator: 4803536 out of 0 bytes used by permanent object pool.
[2014.11.05-18.27.51:357][  0]LogEngine: Initializing Engine...
[2014.11.05-18.27.52:058][  0]LogInit: XAudio2 using 'Högtalare (Realtek High Definition Audio)' : 2 channels at 48 kHz using 32 bits per sample (channel mask 0x3)
[2014.11.05-18.27.52:092][  0]LogInit: FAudioDevice initialized.
[2014.11.05-18.27.52:282][  0]LogAIModule: Creating AISystem for world NewWorld
[2014.11.05-18.27.52:333][  0]LogDerivedDataCache: Saved boot cache 0.03s 39MB C:/Users/Viktors/AppData/Local/UnrealEngine/4.5/DerivedDataCache/Boot.ddc.
[2014.11.05-18.27.52:341][  0]LogInit: Texture streaming: Enabled
[2014.11.05-18.27.52:768][  0]LogInit: Transaction tracking system initialized
[2014.11.05-18.27.53:781][  0]BlueprintLog: New page: Editor Load
[2014.11.05-18.27.54:107][  0]LogAssetRegistry: FAssetRegistry took 0.0125 seconds to start up
[2014.11.05-18.27.54:107][  0]LogDirectoryWatcher:Warning: Failed to begin reading directory changes for ../../../Engine/Plugins/Experimental/CharacterAI/Content/. Error: 0
[2014.11.05-18.27.56:902][  0]LogTargetPlatformManager:Display: Building Assets For Windows
[2014.11.05-18.27.57:461][  0]LogTargetPlatformManager:Display: Building Assets For Windows
[2014.11.05-18.28.00:000][  0]LogConsoleResponse:Display: 
[2014.11.05-18.28.04:499][  0]SourceControl: Info Source control is disabled
[2014.11.05-18.28.04:511][  0]Cmd: MAP LOAD FILE="../../../../../../Users/Viktors/Music/Viktors/lalala2/Content/Maps/Example_Map.umap" TEMPLATE=0 SHOWPROGRESS=1
[2014.11.05-18.28.04:516][  0]LightingResults: New page: Lighting Build
[2014.11.05-18.28.04:578][  0]MapCheck: New page: Map Check
[2014.11.05-18.28.04:578][  0]LightingResults: New page: Lighting Build
[2014.11.05-18.28.04:605][  0]LogParticles: Destroying 0 GPU particle simulations for FXSystem 0x00000000178959E0
[2014.11.05-18.28.06:307][  0]LogLinker:Warning: Can't find file '/Game/StarterContent/Props/MaterialSphere'
[2014.11.05-18.28.06:307][  0]LogLinker:Warning: Can't find file for asset '/Game/StarterContent/Props/MaterialSphere' while loading ../../../../../../Users/Viktors/Music/Viktors/lalala2/Content/Blueprints/Lamppickup.uasset.
[2014.11.05-18.28.06:327][  0]LoadErrors:Error: Error /Game/Blueprints/Lamppickup : Can't find file for asset. /Game/StarterContent/Props/MaterialSphere
[2014.11.05-18.28.06:328][  0]LogLinker:Warning: Can't find file '/Game/StarterContent/Props/MaterialSphere'
[2014.11.05-18.28.06:329][  0]LogLinker:Warning: Can't find file for asset '/Game/StarterContent/Props/MaterialSphere' while loading ../../../../../../Users/Viktors/Music/Viktors/lalala2/Content/Blueprints/Lamppickup.uasset.
[2014.11.05-18.28.06:329][  0]LoadErrors:Error: Error /Game/Blueprints/Lamppickup : Can't find file for asset. /Game/StarterContent/Props/MaterialSphere
[2014.11.05-18.28.06:421][  0]LogLinker:Warning: Can't find file '/Game/StarterContent/Props/MaterialSphere'
[2014.11.05-18.28.06:422][  0]LoadErrors: Info Failed to load /Game/StarterContent/Props/MaterialSphere.MaterialSphere Referenced by StaticMeshComponent_22 Property /Script/Engine.StaticMeshComponent:StaticMesh
[2014.11.05-18.28.06:422][  0]LogLinker:Warning: Can't find file for asset '/Game/StarterContent/Props/MaterialSphere' while loading ../../../../../../Users/Viktors/Music/Viktors/lalala2/Content/Maps/Example_Map.umap.
[2014.11.05-18.28.06:422][  0]LoadErrors: Info Failed to load /Game/StarterContent/Props/MaterialSphere.MaterialSphere Referenced by StaticMeshComponent_22 Property /Script/Engine.StaticMeshComponent:StaticMesh
[2014.11.05-18.28.06:422][  0]LoadErrors:Error: Error /Game/Maps/Example_Map : Can't find file for asset. /Game/StarterContent/Props/MaterialSphere
[2014.11.05-18.28.06:551][  0]LogLinker:Warning: Can't find file '/Game/StarterContent/Props/MaterialSphere'
[2014.11.05-18.28.06:551][  0]LogLinker:Warning: Can't find file for asset '/Game/StarterContent/Props/MaterialSphere' while loading ../../../../../../Users/Viktors/Music/Viktors/lalala2/Content/Maps/Example_Map.umap.
[2014.11.05-18.28.06:552][  0]LoadErrors:Error: Error /Game/Maps/Example_Map : Can't find file for asset. /Game/StarterContent/Props/MaterialSphere
[2014.11.05-18.28.06:552][  0]LogLinker:Warning: Can't find file '/Game/StarterContent/Props/MaterialSphere'
[2014.11.05-18.28.06:552][  0]LogLinker:Warning: Can't find file for asset '/Game/StarterContent/Props/MaterialSphere' while loading ../../../../../../Users/Viktors/Music/Viktors/lalala2/Content/Maps/Example_Map.umap.
[2014.11.05-18.28.06:552][  0]LoadErrors:Error: Error /Game/Maps/Example_Map : Can't find file for asset. /Game/StarterContent/Props/MaterialSphere
[2014.11.05-18.28.06:711][  0]LogLinker:Warning: Can't find file '/Game/StarterContent/Props/MaterialSphere'
[2014.11.05-18.28.06:711][  0]LoadErrors: Info Failed to load /Game/StarterContent/Props/MaterialSphere.MaterialSphere Referenced by StaticMesh1 Property /Script/Engine.StaticMeshComponent:StaticMesh
[2014.11.05-18.28.06:712][  0]LogLinker:Warning: Can't find file for asset '/Game/StarterContent/Props/MaterialSphere' while loading NULL.
[2014.11.05-18.28.06:712][  0]LoadErrors: Info Failed to load /Game/StarterContent/Props/MaterialSphere.MaterialSphere Referenced by StaticMesh1 Property /Script/Engine.StaticMeshComponent:StaticMesh
[2014.11.05-18.28.06:712][  0]LogLinker:Warning: Can't find file '/Game/StarterContent/Props/MaterialSphere'
[2014.11.05-18.28.06:712][  0]LoadErrors: Info Failed to load /Game/StarterContent/Props/MaterialSphere.MaterialSphere Referenced by StaticMesh1 Property /Script/Engine.StaticMeshComponent:StaticMesh
[2014.11.05-18.28.06:712][  0]LogLinker:Warning: Can't find file for asset '/Game/StarterContent/Props/MaterialSphere' while loading NULL.
[2014.11.05-18.28.06:712][  0]LoadErrors: Info Failed to load /Game/StarterContent/Props/MaterialSphere.MaterialSphere Referenced by StaticMesh1 Property /Script/Engine.StaticMeshComponent:StaticMesh
[2014.11.05-18.28.07:739][  0]LogEditorServer: Finished looking for orphan Actors (0.000 secs)
[2014.11.05-18.28.07:740][  0]LogAIModule: Creating AISystem for world Example_Map
[2014.11.05-18.28.07:811][  0]Cmd: MAP CHECKDEP
[2014.11.05-18.28.07:812][  0]MapCheck: New page: Example_Map - Nov 5, 2014, 8:28:07 PM
[2014.11.05-18.28.08:006][  0]MapCheck: Info Map check complete: 0 Error(s), 0 Warning(s), took 194.05ms to complete.
[2014.11.05-18.28.08:006][  0]LogFileHelpers: Loading map 'Example_Map' took 3.500
[2014.11.05-18.28.09:514][  0]LogCollectionManager: Loaded 0 collections in 0.001864 seconds
[2014.11.05-18.28.10:284][  0]LogCrashTracker: Crashtracker disabled due to settings.
[2014.11.05-18.28.10:402][  0]LogUObjectGlobals:Warning: Failed to find object 'Class None.'
[2014.11.05-18.28.10:467][  0]LogLoad: Full Startup: 65.05 seconds (BP compile: 0.43 seconds)
[2014.11.05-18.28.11:900][  0]LogRenderer:Warning: Reallocating scene render targets to support 1192x912.
[2014.11.05-18.28.12:488][  2]LogAssetRegistry: Asset discovery search completed in 18.3933 seconds
[2014.11.05-18.28.54:137][477]LogPlayLevel: PIE:  No blueprints needed recompiling
[2014.11.05-18.28.54:138][477]PIE: New page: PIE session: Example_Map (Nov 5, 2014, 8:28:54 PM)
[2014.11.05-18.28.54:184][477]LogPlayLevel: PIE: StaticDuplicateObject took: (0.046162s)
[2014.11.05-18.28.54:185][477]LogPlayLevel: PIE: World Init took: (0.001229s)
[2014.11.05-18.28.54:185][477]LogPlayLevel: PIE: Created PIE world by copying editor world from /Game/Maps/Example_Map.Example_Map to /Game/Maps/UEDPIE_0_Example_Map.Example_Map (0.047701s)
[2014.11.05-18.28.54:333][477]BlueprintLog:Warning: Warning Blueprint MyHUD has been migrated and requires re-saving to avoid import errors
[2014.11.05-18.28.54:363][477]BlueprintLog:Warning: Warning Blueprint MyGame has been migrated and requires re-saving to avoid import errors
[2014.11.05-18.28.54:364][477]LogWorld: Game class is 'MyGame_C'
[2014.11.05-18.28.54:473][477]LogAIModule: Creating AISystem for world Example_Map
[2014.11.05-18.28.54:474][477]LogWorld: Bringing World /Game/Maps/UEDPIE_0_Example_Map.Example_Map up for play (max tick rate 0) at 2014.11.05-19.28.54
[2014.11.05-18.28.54:474][477]LogWorld: Bringing up level for play took: 0.001014
[2014.11.05-18.28.54:539][477]PIE: Info Play in editor start time for /Game/Maps/UEDPIE_0_Example_Map 0.364
[2014.11.05-18.28.54:810][478]LogCharacterMovement:Warning: GetSimulationTimeStep() - Max iterations 8 hit while remaining time 0.091944 > MaxSimulationTimeStep (0.050) for 'MyCharacter_C_0'
[2014.11.05-18.28.58:449][628]LogBlueprintUserMessages: 99.0
[2014.11.05-18.28.59:436][659]LogBlueprintUserMessages: 98.0
[2014.11.05-18.29.00:437][700]LogBlueprintUserMessages: 97.0
[2014.11.05-18.29.01:823][751]LogParticles: Destroying 0 GPU particle simulations for FXSystem 0x000000000D747740
[2014.11.05-18.29.02:511][780]LogContentBrowser:Verbose: The content browser source was changed by the sources view to '/Game/Blueprints'
[2014.11.05-18.29.08:894][921]LogContentBrowser:Verbose: The content browser source was changed by the sources view to '/Game/Textures'
[2014.11.05-18.29.14:045][107]LogRenderer:Warning: Reallocating scene render targets to support 1192x944.
[2014.11.05-18.29.22:331][315]LogActorComponent: UnregisterComponent: (/Engine/Transient.ProjectileMovementComponent_0) Not registered. Aborting.
[2014.11.05-18.29.22:331][315]LogActorComponent: UnregisterComponent: (/Engine/Transient.CharacterMovementComponent_0) Not registered. Aborting.
[2014.11.05-18.29.26:007][411]BlueprintLog: New page: Compile Lamppickup
[2014.11.05-18.29.26:416][411]BlueprintEditorCompileResults: Info [0140.63] Compile of Lamppickup successful! [in 4 ms]
[2014.11.05-18.29.27:126][425]Cmd: OBJ SAVEPACKAGE PACKAGE="/Game/Blueprints/Lamppickup" FILE="../../../../../../Users/Viktors/Music/Viktors/lalala2/Content/Blueprints/Lamppickup.uasset" SILENT=true
[2014.11.05-18.29.27:557][425]LogSavePackage: Save=399.122681ms
[2014.11.05-18.29.27:557][425]LogSavePackage: Moving '../../../../../../Users/Viktors/Music/Viktors/lalala2/Saved/Lamppickup77CCEE8145C4013112C0E39307CDB614.tmp' to '../../../../../../Users/Viktors/Music/Viktors/lalala2/Content/Blueprints/Lamppickup.uasset'
[2014.11.05-18.29.30:829][533]Cmd: CAMERA ALIGN ACTIVEVIEWPORTONLY
[2014.11.05-18.29.30:829][533]Aligned camera to fit all selected actors.
[2014.11.05-18.29.33:049][627]BlueprintLog: New page: Pre-PIE auto-recompile
[2014.11.05-18.29.33:049][627]LogPlayLevel: [PIE] Compiling Tutorial_BP_MacroLib before PIE...
[2014.11.05-18.29.33:179][627]LogPlayLevel: PIE:  Blueprint regeneration took 129 ms (1 blueprints)
[2014.11.05-18.29.33:179][627]PIE: New page: PIE session: Example_Map (Nov 5, 2014, 8:29:33 PM)
[2014.11.05-18.29.33:231][627]LogPlayLevel: PIE: StaticDuplicateObject took: (0.051206s)
[2014.11.05-18.29.33:233][627]LogPlayLevel: PIE: World Init took: (0.001418s)
[2014.11.05-18.29.33:233][627]LogPlayLevel: PIE: Created PIE world by copying editor world from /Game/Maps/Example_Map.Example_Map to /Game/Maps/UEDPIE_0_Example_Map.Example_Map (0.052955s)
[2014.11.05-18.29.33:275][627]LogWorld: Game class is 'MyGame_C'
[2014.11.05-18.29.33:277][627]LogAIModule: Creating AISystem for world Example_Map
[2014.11.05-18.29.33:279][627]LogWorld: Bringing World /Game/Maps/UEDPIE_0_Example_Map.Example_Map up for play (max tick rate 0) at 2014.11.05-19.29.33
[2014.11.05-18.29.33:280][627]LogWorld: Bringing up level for play took: 0.003049
[2014.11.05-18.29.33:284][627]PIE: Info Play in editor start time for /Game/Maps/UEDPIE_0_Example_Map 1.108
[2014.11.05-18.29.36:453][746]LogBlueprintUserMessages: You picked upp a extra battery
[2014.11.05-18.29.38:089][812]LogBlueprintUserMessages: 99.0
[2014.11.05-18.29.39:112][851]LogBlueprintUserMessages: 98.0
[2014.11.05-18.29.40:025][886]LogBlueprintUserMessages: You picked upp a extra battery
[2014.11.05-18.29.40:117][890]LogBlueprintUserMessages: 99.0
[2014.11.05-18.29.41:140][930]LogBlueprintUserMessages: 98.0
[2014.11.05-18.29.42:139][967]LogParticles: Destroying 0 GPU particle simulations for FXSystem 0x000000002028ED40
[2014.11.05-18.29.44:768][ 85]Cmd: OBJ SAVEPACKAGE PACKAGE="/Game/Maps/Example_Map" FILE="../../../../../../Users/Viktors/Music/Viktors/lalala2/Content/Maps/Example_Map.umap" SILENT=true AUTOSAVING=false KEEPDIRTY=false
[2014.11.05-18.29.44:935][ 85]LogSavePackage: Save=92.792206ms
[2014.11.05-18.29.44:935][ 85]LogSavePackage: Moving '../../../../../../Users/Viktors/Music/Viktors/lalala2/Saved/Example_Map2343EAE2407BCEA506965C98C211ED66.tmp' to '../../../../../../Users/Viktors/Music/Viktors/lalala2/Content/Maps/Example_Map.umap'
[2014.11.05-18.29.52:363][376]Cmd: QUIT_EDITOR
[2014.11.05-18.29.52:825][376]LogExit: Preparing to exit.
[2014.11.05-18.29.54:023][376]LogExit: Editor shut down
[2014.11.05-18.29.54:023][376]LogExit: Transaction tracking system shut down
[2014.11.05-18.29.54:024][376]LogParticles: Destroying 0 GPU particle simulations for FXSystem 0x0000000020CBEFC0
[2014.11.05-18.29.54:024][376]LogParticles: Destroying 0 GPU particle simulations for FXSystem 0x00000000202C0C20
[2014.11.05-18.29.54:025][376]LogParticles: Destroying 0 GPU particle simulations for FXSystem 0x000000001749EFC0
[2014.11.05-18.29.54:349][376]LogParticles: Destroying 0 GPU particle simulations for FXSystem 0x00000000163600E0
[2014.11.05-18.29.54:349][376]LogExit: Object subsystem successfully closed.
[2014.11.05-18.29.54:679][376]LogModuleManager: Shutting down and abandoning module AndroidDeviceDetection (166)
[2014.11.05-18.29.54:679][376]LogModuleManager: Shutting down and abandoning module CrashTracker (165)
[2014.11.05-18.29.54:679][376]LogModuleManager: Shutting down and abandoning module SuperSearch (164)
[2014.11.05-18.29.54:679][376]LogModuleManager: Shutting down and abandoning module SceneOutliner (163)
[2014.11.05-18.29.54:679][376]LogModuleManager: Shutting down and abandoning module EditorWidgets (162)
[2014.11.05-18.29.54:679][376]LogModuleManager: Shutting down and abandoning module CollectionManager (161)
[2014.11.05-18.29.54:698][376]LogModuleManager: Shutting down and abandoning module StatsViewer (160)
[2014.11.05-18.29.54:715][376]LogModuleManager: Shutting down and abandoning module FoliageEdit (159)
[2014.11.05-18.29.54:715][376]LogModuleManager: Shutting down and abandoning module LandscapeEditor (158)
[2014.11.05-18.29.54:724][376]LogModuleManager: Shutting down and abandoning module MeshPaint (157)
[2014.11.05-18.29.54:725][376]LogModuleManager: Shutting down and abandoning module ActorPickerMode (156)
[2014.11.05-18.29.54:725][376]LogModuleManager: Shutting down and abandoning module GeometryMode (155)
[2014.11.05-18.29.54:725][376]LogModuleManager: Shutting down and abandoning module TextureAlignMode (154)
[2014.11.05-18.29.54:725][376]LogModuleManager: Shutting down and abandoning module BspMode (153)
[2014.11.05-18.29.54:725][376]LogModuleManager: Shutting down and abandoning module PlacementMode (152)
[2014.11.05-18.29.54:725][376]LogModuleManager: Shutting down and abandoning module AutomationWorker (151)
[2014.11.05-18.29.54:725][376]LogModuleManager: Shutting down and abandoning module CharacterAI (150)
[2014.11.05-18.29.54:725][376]LogModuleManager: Shutting down and abandoning module GameProjectGeneration (149)
[2014.11.05-18.29.54:725][376]LogModuleManager: Shutting down and abandoning module IntroTutorials (148)
[2014.11.05-18.29.54:725][376]LogModuleManager: Shutting down and abandoning module EditorLiveStreaming (147)
[2014.11.05-18.29.54:725][376]LogModuleManager: Shutting down and abandoning module HardwareTargeting (146)
[2014.11.05-18.29.54:725][376]LogModuleManager: Shutting down and abandoning module BehaviorTreeEditor (145)
[2014.11.05-18.29.54:738][376]LogModuleManager: Shutting down and abandoning module DeviceProfileEditor (144)
[2014.11.05-18.29.54:738][376]LogModuleManager: Shutting down and abandoning module UndoHistory (143)
[2014.11.05-18.29.54:738][376]LogModuleManager: Shutting down and abandoning module GameplayTagsEditor (142)
[2014.11.05-18.29.54:744][376]LogModuleManager: Shutting down and abandoning module UserFeedback (141)
[2014.11.05-18.29.54:744][376]LogModuleManager: Shutting down and abandoning module XmlParser (140)
[2014.11.05-18.29.54:744][376]LogModuleManager: Shutting down and abandoning module Blutility (139)
[2014.11.05-18.29.54:744][376]LogModuleManager: Shutting down and abandoning module IOSPlatformEditor (138)
[2014.11.05-18.29.54:744][376]LogModuleManager: Shutting down and abandoning module IOSRuntimeSettings (137)
[2014.11.05-18.29.54:744][376]LogModuleManager: Shutting down and abandoning module AndroidPlatformEditor (136)
[2014.11.05-18.29.54:744][376]LogModuleManager: Shutting down and abandoning module AndroidRuntimeSettings (135)
[2014.11.05-18.29.54:744][376]LogModuleManager: Shutting down and abandoning module ProjectTargetPlatformEditor (134)
[2014.11.05-18.29.54:744][376]LogModuleManager: Shutting down and abandoning module ProjectSettingsViewer (133)
[2014.11.05-18.29.54:746][376]LogModuleManager: Shutting down and abandoning module InputBindingEditor (132)
[2014.11.05-18.29.54:746][376]LogModuleManager: Shutting down and abandoning module EditorSettingsViewer (131)
[2014.11.05-18.29.54:746][376]LogModuleManager: Shutting down and abandoning module SettingsEditor (130)
[2014.11.05-18.29.54:752][376]LogModuleManager: Shutting down and abandoning module ProjectLauncher (129)
[2014.11.05-18.29.54:752][376]LogModuleManager: Shutting down and abandoning module SessionFrontend (128)
[2014.11.05-18.29.54:752][376]LogModuleManager: Shutting down and abandoning module ProfilerClient (127)
[2014.11.05-18.29.54:760][376]LogModuleManager: Shutting down and abandoning module TargetDeviceServices (126)
[2014.11.05-18.29.54:760][376]LogModuleManager: Shutting down and abandoning module DeviceManager (125)
[2014.11.05-18.29.54:760][376]LogModuleManager: Shutting down and abandoning module AutomationController (124)
[2014.11.05-18.29.54:774][376]LogModuleManager: Shutting down and abandoning module AutomationWindow (123)
[2014.11.05-18.29.54:789][376]LogModuleManager: Shutting down and abandoning module Layers (122)
[2014.11.05-18.29.54:796][376]LogModuleManager: Shutting down and abandoning module ComponentVisualizers (121)
[2014.11.05-18.29.54:797][376]LogModuleManager: Shutting down and abandoning module DetailCustomizations (120)
[2014.11.05-18.29.54:810][376]LogModuleManager: Shutting down and abandoning module PackagesDialog (119)
[2014.11.05-18.29.54:810][376]LogModuleManager: Shutting down and abandoning module AssetRegistry (118)
[2014.11.05-18.29.54:901][376]LogModuleManager: Shutting down and abandoning module Persona (117)
[2014.11.05-18.29.54:916][376]LogModuleManager: Shutting down and abandoning module Kismet (116)
[2014.11.05-18.29.54:916][376]LogModuleManager: Shutting down and abandoning module GraphEditor (115)
[2014.11.05-18.29.54:916][376]LogModuleManager: Shutting down and abandoning module ClassViewer (114)
[2014.11.05-18.29.54:916][376]LogModuleManager: Shutting down and abandoning module Toolbox (113)
[2014.11.05-18.29.54:916][376]LogModuleManager: Shutting down and abandoning module ModuleUI (112)
[2014.11.05-18.29.54:926][376]LogModuleManager: Shutting down and abandoning module MovieSceneTools (111)
[2014.11.05-18.29.54:949][376]LogModuleManager: Shutting down and abandoning module OutputLog (110)
[2014.11.05-18.29.54:949][376]LogModuleManager: Shutting down and abandoning module GammaUI (109)
[2014.11.05-18.29.54:959][376]LogModuleManager: Shutting down and abandoning module Documentation (108)
[2014.11.05-18.29.54:959][376]LogModuleManager: Shutting down and abandoning module GameLiveStreaming (107)
[2014.11.05-18.29.54:960][376]LogModuleManager: Shutting down and abandoning module StreamingPauseRendering (106)
[2014.11.05-18.29.54:960][376]LogModuleManager: Shutting down and abandoning module HTTP (105)
[2014.11.05-18.29.54:960][376]LogModuleManager: Shutting down and abandoning module AnalyticsET (104)
[2014.11.05-18.29.54:960][376]LogModuleManager: Shutting down and abandoning module Analytics (103)
[2014.11.05-18.29.54:960][376]LogModuleManager: Shutting down and abandoning module GameplayDebugger (102)
[2014.11.05-18.29.54:960][376]LogModuleManager: Shutting down and abandoning module AIModule (101)
[2014.11.05-18.29.54:970][376]LogModuleManager: Shutting down and abandoning module ProfilerService (100)
[2014.11.05-18.29.55:040][376]LogModuleManager: Shutting down and abandoning module TaskGraph (99)
[2014.11.05-18.29.55:048][376]LogModuleManager: Shutting down and abandoning module SlateRemote (98)
[2014.11.05-18.29.55:048][376]LogModuleManager: Shutting down and abandoning module ScriptEditorPlugin (97)
[2014.11.05-18.29.55:048][376]LogModuleManager: Shutting down and abandoning module CustomMeshComponent (96)
[2014.11.05-18.29.55:048][376]LogModuleManager: Shutting down and abandoning module CableComponent (95)
[2014.11.05-18.29.55:048][376]LogModuleManager: Shutting down and abandoning module MessagingDebugger (94)
[2014.11.05-18.29.55:079][376]LogModuleManager: Shutting down and abandoning module MediaPlayerEditor (93)
[2014.11.05-18.29.55:095][376]LogModuleManager: Shutting down and abandoning module SpeedTreeImporter (92)
[2014.11.05-18.29.55:096][376]LogModuleManager: Shutting down and abandoning module PluginsEditor (91)
[2014.11.05-18.29.55:096][376]LogModuleManager: Shutting down and abandoning module EpicSurvey (90)
[2014.11.05-18.29.55:096][376]LogModuleManager: Shutting down and abandoning module DesktopPlatform (89)
[2014.11.05-18.29.55:102][376]LogModuleManager: Shutting down and abandoning module VisualStudioSourceCodeAccess (88)
[2014.11.05-18.29.55:102][376]LogModuleManager: Shutting down and abandoning module UObjectPlugin (87)
[2014.11.05-18.29.55:102][376]LogModuleManager: Shutting down and abandoning module SubversionSourceControl (86)
[2014.11.05-18.29.55:102][376]LogModuleManager: Shutting down and abandoning module SourceControl (85)
[2014.11.05-18.29.55:102][376]LogModuleManager: Shutting down and abandoning module PerforceSourceControl (84)
[2014.11.05-18.29.55:114][376]LogModuleManager: Shutting down and abandoning module BlankPlugin (83)
[2014.11.05-18.29.55:114][376]LogModuleManager: Shutting down and abandoning module SlateReflector (82)
[2014.11.05-18.29.55:114][376]LogModuleManager: Shutting down and abandoning module DirectoryWatcher (81)
[2014.11.05-18.29.55:114][376]LogModuleManager: Shutting down and abandoning module HotReload (80)
[2014.11.05-18.29.55:114][376]LogModuleManager: Shutting down and abandoning module MainFrame (79)
[2014.11.05-18.29.55:114][376]LogModuleManager: Shutting down and abandoning module LevelEditor (78)
[2014.11.05-18.29.55:115][376]LogModuleManager: Shutting down and abandoning module ViewportSnapping (77)
[2014.11.05-18.29.55:115][376]LogModuleManager: Shutting down and abandoning module SmartSnapping (76)
[2014.11.05-18.29.55:115][376]LogModuleManager: Shutting down and abandoning module PaperTiledImporter (75)
[2014.11.05-18.29.55:115][376]LogModuleManager: Shutting down and abandoning module PaperJsonImporter (74)
[2014.11.05-18.29.55:115][376]LogModuleManager: Shutting down and abandoning module ContentBrowser (73)
[2014.11.05-18.29.55:115][376]LogModuleManager: Shutting down and abandoning module PropertyEditor (72)
[2014.11.05-18.29.55:115][376]LogModuleManager: Shutting down and abandoning module Paper2DEditor (71)
[2014.11.05-18.29.55:123][376]LogModuleManager: Shutting down and abandoning module ScriptPlugin (70)
[2014.11.05-18.29.55:132][376]LogModuleManager: Shutting down and abandoning module UdpMessaging (69)
[2014.11.05-18.29.55:233][376]LogModuleManager: Shutting down and abandoning module Paper2D (68)
[2014.11.05-18.29.55:234][376]LogModuleManager: Shutting down and abandoning module WindowsMoviePlayer (67)
[2014.11.05-18.29.55:236][376]LogModuleManager: Shutting down and abandoning module Media (66)
[2014.11.05-18.29.55:236][376]LogModuleManager: Shutting down and abandoning module WmfMedia (65)
[2014.11.05-18.29.55:254][376]LogModuleManager: Shutting down and abandoning module OnlineBlueprintSupport (64)
[2014.11.05-18.29.55:254][376]LogModuleManager: Shutting down and abandoning module FunctionalTesting (63)
[2014.11.05-18.29.55:254][376]LogModuleManager: Shutting down and abandoning module CollisionAnalyzer (62)
[2014.11.05-18.29.55:269][376]LogModuleManager: Shutting down and abandoning module WorkspaceMenuStructure (61)
[2014.11.05-18.29.55:269][376]LogModuleManager: Shutting down and abandoning module MessageLog (60)
[2014.11.05-18.29.55:269][376]LogModuleManager: Shutting down and abandoning module Sequencer (59)
[2014.11.05-18.29.55:270][376]LogModuleManager: Shutting down and abandoning module AssetTools (58)
[2014.11.05-18.29.55:291][376]LogModuleManager: Shutting down and abandoning module UMGEditor (57)
[2014.11.05-18.29.55:305][376]LogModuleManager: Shutting down and abandoning module UMG (56)
[2014.11.05-18.29.55:308][376]LogModuleManager: Shutting down and abandoning module Slate (55)
[2014.11.05-18.29.55:308][376]LogModuleManager: Shutting down and abandoning module EditorStyle (54)
[2014.11.05-18.29.55:310][376]LogModuleManager: Shutting down and abandoning module SessionServices (53)
[2014.11.05-18.29.55:310][376]LogModuleManager: Shutting down and abandoning module SourceCodeAccess (52)
[2014.11.05-18.29.55:310][376]LogModuleManager: Shutting down and abandoning module HeadMountedDisplay (51)
[2014.11.05-18.29.55:310][376]LogModuleManager: Shutting down and abandoning module XAudio2 (50)
[2014.11.05-18.29.55:310][376]LogModuleManager: Shutting down and abandoning module Networking (48)
[2014.11.05-18.29.55:310][376]LogModuleManager: Shutting down and abandoning module Core (47)
[2014.11.05-18.29.55:310][376]LogModuleManager: Shutting down and abandoning module KismetCompiler (46)
[2014.11.05-18.29.55:310][376]LogModuleManager: Shutting down and abandoning module PhysXFormats (45)
[2014.11.05-18.29.55:310][376]LogModuleManager: Shutting down and abandoning module MeshUtilities (44)
[2014.11.05-18.29.55:327][376]LogModuleManager: Shutting down and abandoning module DerivedDataCache (43)
[2014.11.05-18.29.55:421][376]LogDerivedDataCache: Shutdown
[2014.11.05-18.29.55:421][376]LogModuleManager: Shutting down and abandoning module ShaderFormatOpenGL (42)
[2014.11.05-18.29.55:471][376]LogModuleManager: Shutting down and abandoning module ShaderFormatD3D (41)
[2014.11.05-18.29.55:471][376]LogModuleManager: Shutting down and abandoning module MetalShaderFormat (40)
[2014.11.05-18.29.55:521][376]LogModuleManager: Shutting down and abandoning module TextureFormatUncompressed (39)
[2014.11.05-18.29.55:521][376]LogModuleManager: Shutting down and abandoning module TextureFormatPVR (38)
[2014.11.05-18.29.55:521][376]LogModuleManager: Shutting down and abandoning module TextureFormatDXT (37)
[2014.11.05-18.29.55:521][376]LogModuleManager: Shutting down and abandoning module TextureFormatAndroid (36)
[2014.11.05-18.29.55:521][376]LogModuleManager: Shutting down and abandoning module AudioFormatOpus (35)
[2014.11.05-18.29.55:596][376]LogModuleManager: Shutting down and abandoning module AudioFormatOgg (34)
[2014.11.05-18.29.55:596][376]LogModuleManager: Shutting down and abandoning module AudioFormatADPCM (33)
[2014.11.05-18.29.55:596][376]LogModuleManager: Shutting down and abandoning module Messaging (32)
[2014.11.05-18.29.55:596][376]LogModuleManager: Shutting down and abandoning module IOSTargetPlatform (31)
[2014.11.05-18.29.55:596][376]LogModuleManager: Shutting down and abandoning module Android_PVRTCTargetPlatform (30)
[2014.11.05-18.29.55:596][376]LogModuleManager: Shutting down and abandoning module Android_ETC2TargetPlatform (29)
[2014.11.05-18.29.55:596][376]LogModuleManager: Shutting down and abandoning module Android_ETC1TargetPlatform (28)
[2014.11.05-18.29.55:596][376]LogModuleManager: Shutting down and abandoning module Android_DXTTargetPlatform (27)
[2014.11.05-18.29.55:596][376]LogModuleManager: Shutting down and abandoning module Android_ATCTargetPlatform (26)
[2014.11.05-18.29.55:596][376]LogModuleManager: Shutting down and abandoning module AndroidTargetPlatform (25)
[2014.11.05-18.29.55:596][376]LogModuleManager: Shutting down and abandoning module WindowsTargetPlatform (24)
[2014.11.05-18.29.55:596][376]LogModuleManager: Shutting down and abandoning module WindowsServerTargetPlatform (23)
[2014.11.05-18.29.55:596][376]LogModuleManager: Shutting down and abandoning module WindowsNoEditorTargetPlatform (22)
[2014.11.05-18.29.55:596][376]LogModuleManager: Shutting down and abandoning module WindowsClientTargetPlatform (21)
[2014.11.05-18.29.55:596][376]LogModuleManager: Shutting down and abandoning module TargetPlatform (20)
[2014.11.05-18.29.55:596][376]LogModuleManager: Shutting down and abandoning module InputCore (19)
[2014.11.05-18.29.55:596][376]LogModuleManager: Shutting down and abandoning module Settings (18)
[2014.11.05-18.29.55:596][376]LogModuleManager: Shutting down and abandoning module ImageWrapper (17)
[2014.11.05-18.29.55:596][376]LogModuleManager: Shutting down and abandoning module OculusRift (14)
[2014.11.05-18.29.55:626][376]LogModuleManager: Shutting down and abandoning module ExampleDeviceProfileSelector (13)
[2014.11.05-18.29.55:626][376]LogModuleManager: Shutting down and abandoning module TextureCompressor (12)
[2014.11.05-18.29.55:626][376]LogModuleManager: Shutting down and abandoning module ShaderCore (11)
[2014.11.05-18.29.55:626][376]LogModuleManager: Shutting down and abandoning module SlateRHIRenderer (10)
[2014.11.05-18.29.55:704][376]LogModuleManager: Shutting down and abandoning module OpenGLDrv (9)
[2014.11.05-18.29.55:704][376]LogModuleManager: Shutting down and abandoning module D3D11RHI (8)
[2014.11.05-18.29.55:704][376]LogModuleManager: Shutting down and abandoning module Renderer (7)
[2014.11.05-18.29.55:705][376]LogModuleManager: Shutting down and abandoning module Engine (6)
[2014.11.05-18.29.55:705][376]LogModuleManager: Shutting down and abandoning module CoreUObject (5)
[2014.11.05-18.29.55:705][376]LogModuleManager: Shutting down and abandoning module NetworkFile (4)
[2014.11.05-18.29.55:744][376]LogModuleManager: Shutting down and abandoning module StreamingFile (3)
[2014.11.05-18.29.55:744][376]LogModuleManager: Shutting down and abandoning module SandboxFile (2)
[2014.11.05-18.29.55:755][376]LogModuleManager: Shutting down and abandoning module PakFile (1)
[2014.11.05-18.29.55:769][376]LogExit: Exiting.
[2014.11.05-18.29.55:809][376]Log file closed, 11/05/14 19:29:55
